  Source.cpp
C:\Users\kenda\OneDrive\Visual Studio Code\ECGR 5181\Final Project - Part 1\Source.cpp(54,2): warning C4091: 'typedef ': ignored on left of 'CacheLRU' when no variable is declared
C:\Users\kenda\OneDrive\Visual Studio Code\ECGR 5181\Final Project - Part 1\Source.cpp(97,34): warning C4244: '=': conversion from 'double' to 'int', possible loss of data
C:\Users\kenda\OneDrive\Visual Studio Code\ECGR 5181\Final Project - Part 1\Source.cpp(99,39): warning C4244: '=': conversion from 'double' to 'int', possible loss of data
C:\Users\kenda\OneDrive\Visual Studio Code\ECGR 5181\Final Project - Part 1\Source.cpp(108,34): warning C4244: '=': conversion from 'double' to 'int', possible loss of data
C:\Users\kenda\OneDrive\Visual Studio Code\ECGR 5181\Final Project - Part 1\Source.cpp(110,39): warning C4244: '=': conversion from 'double' to 'int', possible loss of data
C:\Users\kenda\OneDrive\Visual Studio Code\ECGR 5181\Final Project - Part 1\Source.cpp(119,34): warning C4244: '=': conversion from 'double' to 'int', possible loss of data
C:\Users\kenda\OneDrive\Visual Studio Code\ECGR 5181\Final Project - Part 1\Source.cpp(121,39): warning C4244: '=': conversion from 'double' to 'int', possible loss of data
C:\Users\kenda\OneDrive\Visual Studio Code\ECGR 5181\Final Project - Part 1\Source.cpp(130,34): warning C4244: '=': conversion from 'double' to 'int', possible loss of data
C:\Users\kenda\OneDrive\Visual Studio Code\ECGR 5181\Final Project - Part 1\Source.cpp(132,39): warning C4244: '=': conversion from 'double' to 'int', possible loss of data
C:\Users\kenda\OneDrive\Visual Studio Code\ECGR 5181\Final Project - Part 1\Source.cpp(141,34): warning C4244: '=': conversion from 'double' to 'int', possible loss of data
C:\Users\kenda\OneDrive\Visual Studio Code\ECGR 5181\Final Project - Part 1\Source.cpp(143,39): warning C4244: '=': conversion from 'double' to 'int', possible loss of data
C:\Users\kenda\OneDrive\Visual Studio Code\ECGR 5181\Final Project - Part 1\Source.cpp(254,107): warning C4244: '=': conversion from 'double' to 'int', possible loss of data
C:\Users\kenda\OneDrive\Visual Studio Code\ECGR 5181\Final Project - Part 1\Source.cpp(255,107): warning C4244: '=': conversion from 'double' to 'int', possible loss of data
C:\Users\kenda\OneDrive\Visual Studio Code\ECGR 5181\Final Project - Part 1\Source.cpp(256,107): warning C4244: '=': conversion from 'double' to 'int', possible loss of data
C:\Users\kenda\OneDrive\Visual Studio Code\ECGR 5181\Final Project - Part 1\Source.cpp(257,107): warning C4244: '=': conversion from 'double' to 'int', possible loss of data
C:\Users\kenda\OneDrive\Visual Studio Code\ECGR 5181\Final Project - Part 1\Source.cpp(258,107): warning C4244: '=': conversion from 'double' to 'int', possible loss of data
C:\Users\kenda\OneDrive\Visual Studio Code\ECGR 5181\Final Project - Part 1\Source.cpp(298,58): warning C4244: '+=': conversion from 'double' to 'int', possible loss of data
C:\Users\kenda\OneDrive\Visual Studio Code\ECGR 5181\Final Project - Part 1\Source.cpp(307,58): warning C4244: '+=': conversion from 'double' to 'int', possible loss of data
C:\Users\kenda\OneDrive\Visual Studio Code\ECGR 5181\Final Project - Part 1\Source.cpp(316,58): warning C4244: '+=': conversion from 'double' to 'int', possible loss of data
C:\Users\kenda\OneDrive\Visual Studio Code\ECGR 5181\Final Project - Part 1\Source.cpp(325,58): warning C4244: '+=': conversion from 'double' to 'int', possible loss of data
C:\Users\kenda\OneDrive\Visual Studio Code\ECGR 5181\Final Project - Part 1\Source.cpp(334,58): warning C4244: '+=': conversion from 'double' to 'int', possible loss of data
C:\Users\kenda\OneDrive\Visual Studio Code\ECGR 5181\Final Project - Part 1\Source.cpp(343,58): warning C4244: '+=': conversion from 'double' to 'int', possible loss of data
C:\Users\kenda\OneDrive\Visual Studio Code\ECGR 5181\Final Project - Part 1\Source.cpp(352,57): warning C4244: '+=': conversion from 'double' to 'int', possible loss of data
C:\Users\kenda\OneDrive\Visual Studio Code\ECGR 5181\Final Project - Part 1\Source.cpp(361,57): warning C4244: '+=': conversion from 'double' to 'int', possible loss of data
C:\Users\kenda\OneDrive\Visual Studio Code\ECGR 5181\Final Project - Part 1\Source.cpp(370,57): warning C4244: '+=': conversion from 'double' to 'int', possible loss of data
C:\Users\kenda\OneDrive\Visual Studio Code\ECGR 5181\Final Project - Part 1\Source.cpp(379,57): warning C4244: '+=': conversion from 'double' to 'int', possible loss of data
C:\Users\kenda\OneDrive\Visual Studio Code\ECGR 5181\Final Project - Part 1\Source.cpp(388,57): warning C4244: '+=': conversion from 'double' to 'int', possible loss of data
C:\Users\kenda\OneDrive\Visual Studio Code\ECGR 5181\Final Project - Part 1\Source.cpp(397,57): warning C4244: '+=': conversion from 'double' to 'int', possible loss of data
C:\Users\kenda\OneDrive\Visual Studio Code\ECGR 5181\Final Project - Part 1\Source.cpp(406,57): warning C4244: '+=': conversion from 'double' to 'int', possible loss of data
C:\Users\kenda\OneDrive\Visual Studio Code\ECGR 5181\Final Project - Part 1\Source.cpp(415,57): warning C4244: '+=': conversion from 'double' to 'int', possible loss of data
C:\Users\kenda\OneDrive\Visual Studio Code\ECGR 5181\Final Project - Part 1\Source.cpp(424,57): warning C4244: '+=': conversion from 'double' to 'int', possible loss of data
C:\Users\kenda\OneDrive\Visual Studio Code\ECGR 5181\Final Project - Part 1\Source.cpp(433,57): warning C4244: '+=': conversion from 'double' to 'int', possible loss of data
C:\Users\kenda\OneDrive\Visual Studio Code\ECGR 5181\Final Project - Part 1\Source.cpp(466,51): warning C4244: '+=': conversion from 'double' to 'int', possible loss of data
C:\Users\kenda\OneDrive\Visual Studio Code\ECGR 5181\Final Project - Part 1\Source.cpp(471,51): warning C4244: '+=': conversion from 'double' to 'int', possible loss of data
C:\Users\kenda\OneDrive\Visual Studio Code\ECGR 5181\Final Project - Part 1\Source.cpp(483,56): warning C4244: '+=': conversion from 'double' to 'int', possible loss of data
C:\Users\kenda\OneDrive\Visual Studio Code\ECGR 5181\Final Project - Part 1\Source.cpp(488,56): warning C4244: '+=': conversion from 'double' to 'int', possible loss of data
C:\Users\kenda\OneDrive\Visual Studio Code\ECGR 5181\Final Project - Part 1\Source.cpp(506,51): warning C4244: '+=': conversion from 'double' to 'int', possible loss of data
C:\Users\kenda\OneDrive\Visual Studio Code\ECGR 5181\Final Project - Part 1\Source.cpp(511,51): warning C4244: '+=': conversion from 'double' to 'int', possible loss of data
C:\Users\kenda\OneDrive\Visual Studio Code\ECGR 5181\Final Project - Part 1\Source.cpp(523,56): warning C4244: '+=': conversion from 'double' to 'int', possible loss of data
C:\Users\kenda\OneDrive\Visual Studio Code\ECGR 5181\Final Project - Part 1\Source.cpp(528,56): warning C4244: '+=': conversion from 'double' to 'int', possible loss of data
C:\Users\kenda\OneDrive\Visual Studio Code\ECGR 5181\Final Project - Part 1\Source.cpp(546,51): warning C4244: '+=': conversion from 'double' to 'int', possible loss of data
C:\Users\kenda\OneDrive\Visual Studio Code\ECGR 5181\Final Project - Part 1\Source.cpp(551,51): warning C4244: '+=': conversion from 'double' to 'int', possible loss of data
C:\Users\kenda\OneDrive\Visual Studio Code\ECGR 5181\Final Project - Part 1\Source.cpp(563,56): warning C4244: '+=': conversion from 'double' to 'int', possible loss of data
C:\Users\kenda\OneDrive\Visual Studio Code\ECGR 5181\Final Project - Part 1\Source.cpp(568,56): warning C4244: '+=': conversion from 'double' to 'int', possible loss of data
C:\Users\kenda\OneDrive\Visual Studio Code\ECGR 5181\Final Project - Part 1\Source.cpp(586,51): warning C4244: '+=': conversion from 'double' to 'int', possible loss of data
C:\Users\kenda\OneDrive\Visual Studio Code\ECGR 5181\Final Project - Part 1\Source.cpp(591,51): warning C4244: '+=': conversion from 'double' to 'int', possible loss of data
C:\Users\kenda\OneDrive\Visual Studio Code\ECGR 5181\Final Project - Part 1\Source.cpp(603,56): warning C4244: '+=': conversion from 'double' to 'int', possible loss of data
C:\Users\kenda\OneDrive\Visual Studio Code\ECGR 5181\Final Project - Part 1\Source.cpp(608,56): warning C4244: '+=': conversion from 'double' to 'int', possible loss of data
C:\Users\kenda\OneDrive\Visual Studio Code\ECGR 5181\Final Project - Part 1\Source.cpp(799,22): warning C4018: '<': signed/unsigned mismatch
C:\Users\kenda\OneDrive\Visual Studio Code\ECGR 5181\Final Project - Part 1\Source.cpp(812,22): warning C4018: '<': signed/unsigned mismatch
C:\Users\kenda\OneDrive\Visual Studio Code\ECGR 5181\Final Project - Part 1\Source.cpp(825,22): warning C4018: '<': signed/unsigned mismatch
C:\Users\kenda\OneDrive\Visual Studio Code\ECGR 5181\Final Project - Part 1\Source.cpp(838,22): warning C4018: '<': signed/unsigned mismatch
C:\Users\kenda\OneDrive\Visual Studio Code\ECGR 5181\Final Project - Part 1\Source.cpp(855,22): warning C4018: '<': signed/unsigned mismatch
C:\Users\kenda\OneDrive\Visual Studio Code\ECGR 5181\Final Project - Part 1\Source.cpp(868,22): warning C4018: '<': signed/unsigned mismatch
C:\Users\kenda\OneDrive\Visual Studio Code\ECGR 5181\Final Project - Part 1\Source.cpp(881,22): warning C4018: '<': signed/unsigned mismatch
C:\Users\kenda\OneDrive\Visual Studio Code\ECGR 5181\Final Project - Part 1\Source.cpp(894,22): warning C4018: '<': signed/unsigned mismatch
C:\Users\kenda\OneDrive\Visual Studio Code\ECGR 5181\Final Project - Part 1\Source.cpp(1103,22): warning C4018: '<': signed/unsigned mismatch
C:\Users\kenda\OneDrive\Visual Studio Code\ECGR 5181\Final Project - Part 1\Source.cpp(1116,22): warning C4018: '<': signed/unsigned mismatch
C:\Users\kenda\OneDrive\Visual Studio Code\ECGR 5181\Final Project - Part 1\Source.cpp(1131,23): warning C4018: '<': signed/unsigned mismatch
C:\Users\kenda\OneDrive\Visual Studio Code\ECGR 5181\Final Project - Part 1\Source.cpp(1144,23): warning C4018: '<': signed/unsigned mismatch
C:\Users\kenda\OneDrive\Visual Studio Code\ECGR 5181\Final Project - Part 1\Source.cpp(1161,23): warning C4018: '<': signed/unsigned mismatch
C:\Users\kenda\OneDrive\Visual Studio Code\ECGR 5181\Final Project - Part 1\Source.cpp(1174,23): warning C4018: '<': signed/unsigned mismatch
C:\Users\kenda\OneDrive\Visual Studio Code\ECGR 5181\Final Project - Part 1\Source.cpp(1191,23): warning C4018: '<': signed/unsigned mismatch
C:\Users\kenda\OneDrive\Visual Studio Code\ECGR 5181\Final Project - Part 1\Source.cpp(1204,23): warning C4018: '<': signed/unsigned mismatch
  Final Project - Part 1.vcxproj -> C:\Users\kenda\OneDrive\Visual Studio Code\ECGR 5181\Final Project - Part 1\Debug\Final Project - Part 1.exe
