  Source.cpp
C:\Users\kenda\OneDrive\Visual Studio Code\ECGR 5181\Final Project - Part 2-1\Source.cpp(50,2): warning C4091: 'typedef ': ignored on left of 'CacheLRU' when no variable is declared
C:\Users\kenda\OneDrive\Visual Studio Code\ECGR 5181\Final Project - Part 2-1\Source.cpp(127,2): warning C4091: 'typedef ': ignored on left of 'memoryArray' when no variable is declared
C:\Users\kenda\OneDrive\Visual Studio Code\ECGR 5181\Final Project - Part 2-1\Source.cpp(351,15): warning C4244: 'argument': conversion from 'time_t' to 'unsigned int', possible loss of data
C:\Users\kenda\OneDrive\Visual Studio Code\ECGR 5181\Final Project - Part 2-1\Source.cpp(374,37): warning C4244: '=': conversion from 'int' to 'float', possible loss of data
C:\Users\kenda\OneDrive\Visual Studio Code\ECGR 5181\Final Project - Part 2-1\Source.cpp(375,37): warning C4244: '=': conversion from 'int' to 'float', possible loss of data
C:\Users\kenda\OneDrive\Visual Studio Code\ECGR 5181\Final Project - Part 2-1\Source.cpp(763,126): warning C4244: '=': conversion from 'double' to 'int', possible loss of data
C:\Users\kenda\OneDrive\Visual Studio Code\ECGR 5181\Final Project - Part 2-1\Source.cpp(764,126): warning C4244: '=': conversion from 'double' to 'int', possible loss of data
C:\Users\kenda\OneDrive\Visual Studio Code\ECGR 5181\Final Project - Part 2-1\Source.cpp(765,126): warning C4244: '=': conversion from 'double' to 'int', possible loss of data
C:\Users\kenda\OneDrive\Visual Studio Code\ECGR 5181\Final Project - Part 2-1\Source.cpp(766,126): warning C4244: '=': conversion from 'double' to 'int', possible loss of data
C:\Users\kenda\OneDrive\Visual Studio Code\ECGR 5181\Final Project - Part 2-1\Source.cpp(1012,63): warning C4244: '+=': conversion from 'double' to 'int', possible loss of data
C:\Users\kenda\OneDrive\Visual Studio Code\ECGR 5181\Final Project - Part 2-1\Source.cpp(1046,75): warning C4244: '+=': conversion from 'double' to 'int', possible loss of data
C:\Users\kenda\OneDrive\Visual Studio Code\ECGR 5181\Final Project - Part 2-1\Source.cpp(1051,75): warning C4244: '+=': conversion from 'double' to 'int', possible loss of data
C:\Users\kenda\OneDrive\Visual Studio Code\ECGR 5181\Final Project - Part 2-1\Source.cpp(1086,75): warning C4244: '+=': conversion from 'double' to 'int', possible loss of data
C:\Users\kenda\OneDrive\Visual Studio Code\ECGR 5181\Final Project - Part 2-1\Source.cpp(1091,75): warning C4244: '+=': conversion from 'double' to 'int', possible loss of data
C:\Users\kenda\OneDrive\Visual Studio Code\ECGR 5181\Final Project - Part 2-1\Source.cpp(1125,63): warning C4244: '+=': conversion from 'double' to 'int', possible loss of data
C:\Users\kenda\OneDrive\Visual Studio Code\ECGR 5181\Final Project - Part 2-1\Source.cpp(1158,63): warning C4244: '+=': conversion from 'double' to 'int', possible loss of data
C:\Users\kenda\OneDrive\Visual Studio Code\ECGR 5181\Final Project - Part 2-1\Source.cpp(1164,51): warning C4244: '+=': conversion from 'double' to 'int', possible loss of data
C:\Users\kenda\OneDrive\Visual Studio Code\ECGR 5181\Final Project - Part 2-1\Source.cpp(1168,53): warning C4244: '+=': conversion from 'double' to 'int', possible loss of data
C:\Users\kenda\OneDrive\Visual Studio Code\ECGR 5181\Final Project - Part 2-1\Source.cpp(1172,53): warning C4244: '+=': conversion from 'double' to 'int', possible loss of data
C:\Users\kenda\OneDrive\Visual Studio Code\ECGR 5181\Final Project - Part 2-1\Source.cpp(1226,63): warning C4244: '+=': conversion from 'double' to 'int', possible loss of data
C:\Users\kenda\OneDrive\Visual Studio Code\ECGR 5181\Final Project - Part 2-1\Source.cpp(1260,75): warning C4244: '+=': conversion from 'double' to 'int', possible loss of data
C:\Users\kenda\OneDrive\Visual Studio Code\ECGR 5181\Final Project - Part 2-1\Source.cpp(1265,75): warning C4244: '+=': conversion from 'double' to 'int', possible loss of data
C:\Users\kenda\OneDrive\Visual Studio Code\ECGR 5181\Final Project - Part 2-1\Source.cpp(1300,75): warning C4244: '+=': conversion from 'double' to 'int', possible loss of data
C:\Users\kenda\OneDrive\Visual Studio Code\ECGR 5181\Final Project - Part 2-1\Source.cpp(1305,75): warning C4244: '+=': conversion from 'double' to 'int', possible loss of data
C:\Users\kenda\OneDrive\Visual Studio Code\ECGR 5181\Final Project - Part 2-1\Source.cpp(1339,63): warning C4244: '+=': conversion from 'double' to 'int', possible loss of data
C:\Users\kenda\OneDrive\Visual Studio Code\ECGR 5181\Final Project - Part 2-1\Source.cpp(1372,63): warning C4244: '+=': conversion from 'double' to 'int', possible loss of data
C:\Users\kenda\OneDrive\Visual Studio Code\ECGR 5181\Final Project - Part 2-1\Source.cpp(1378,51): warning C4244: '+=': conversion from 'double' to 'int', possible loss of data
C:\Users\kenda\OneDrive\Visual Studio Code\ECGR 5181\Final Project - Part 2-1\Source.cpp(1382,53): warning C4244: '+=': conversion from 'double' to 'int', possible loss of data
C:\Users\kenda\OneDrive\Visual Studio Code\ECGR 5181\Final Project - Part 2-1\Source.cpp(1386,53): warning C4244: '+=': conversion from 'double' to 'int', possible loss of data
C:\Users\kenda\OneDrive\Visual Studio Code\ECGR 5181\Final Project - Part 2-1\Source.cpp(1423,53): warning C4244: '+=': conversion from 'double' to 'int', possible loss of data
C:\Users\kenda\OneDrive\Visual Studio Code\ECGR 5181\Final Project - Part 2-1\Source.cpp(1427,51): warning C4244: '+=': conversion from 'double' to 'int', possible loss of data
C:\Users\kenda\OneDrive\Visual Studio Code\ECGR 5181\Final Project - Part 2-1\Source.cpp(1431,51): warning C4244: '+=': conversion from 'double' to 'int', possible loss of data
C:\Users\kenda\OneDrive\Visual Studio Code\ECGR 5181\Final Project - Part 2-1\Source.cpp(2430,53): warning C4244: '+=': conversion from 'double' to 'int', possible loss of data
C:\Users\kenda\OneDrive\Visual Studio Code\ECGR 5181\Final Project - Part 2-1\Source.cpp(2434,51): warning C4244: '+=': conversion from 'double' to 'int', possible loss of data
C:\Users\kenda\OneDrive\Visual Studio Code\ECGR 5181\Final Project - Part 2-1\Source.cpp(2438,51): warning C4244: '+=': conversion from 'double' to 'int', possible loss of data
C:\Users\kenda\OneDrive\Visual Studio Code\ECGR 5181\Final Project - Part 2-1\Source.cpp(4593,41): warning C4244: '=': conversion from 'double' to 'int', possible loss of data
C:\Users\kenda\OneDrive\Visual Studio Code\ECGR 5181\Final Project - Part 2-1\Source.cpp(4595,46): warning C4244: '=': conversion from 'double' to 'int', possible loss of data
C:\Users\kenda\OneDrive\Visual Studio Code\ECGR 5181\Final Project - Part 2-1\Source.cpp(4606,41): warning C4244: '=': conversion from 'double' to 'int', possible loss of data
C:\Users\kenda\OneDrive\Visual Studio Code\ECGR 5181\Final Project - Part 2-1\Source.cpp(4608,46): warning C4244: '=': conversion from 'double' to 'int', possible loss of data
C:\Users\kenda\OneDrive\Visual Studio Code\ECGR 5181\Final Project - Part 2-1\Source.cpp(4619,41): warning C4244: '=': conversion from 'double' to 'int', possible loss of data
C:\Users\kenda\OneDrive\Visual Studio Code\ECGR 5181\Final Project - Part 2-1\Source.cpp(4621,46): warning C4244: '=': conversion from 'double' to 'int', possible loss of data
C:\Users\kenda\OneDrive\Visual Studio Code\ECGR 5181\Final Project - Part 2-1\Source.cpp(4632,41): warning C4244: '=': conversion from 'double' to 'int', possible loss of data
C:\Users\kenda\OneDrive\Visual Studio Code\ECGR 5181\Final Project - Part 2-1\Source.cpp(4634,46): warning C4244: '=': conversion from 'double' to 'int', possible loss of data
C:\Users\kenda\OneDrive\Visual Studio Code\ECGR 5181\Final Project - Part 2-1\Source.cpp(4660,69): warning C4244: '+=': conversion from 'double' to 'int', possible loss of data
C:\Users\kenda\OneDrive\Visual Studio Code\ECGR 5181\Final Project - Part 2-1\Source.cpp(4669,69): warning C4244: '+=': conversion from 'double' to 'int', possible loss of data
C:\Users\kenda\OneDrive\Visual Studio Code\ECGR 5181\Final Project - Part 2-1\Source.cpp(4678,69): warning C4244: '+=': conversion from 'double' to 'int', possible loss of data
C:\Users\kenda\OneDrive\Visual Studio Code\ECGR 5181\Final Project - Part 2-1\Source.cpp(4687,69): warning C4244: '+=': conversion from 'double' to 'int', possible loss of data
C:\Users\kenda\OneDrive\Visual Studio Code\ECGR 5181\Final Project - Part 2-1\Source.cpp(4696,69): warning C4244: '+=': conversion from 'double' to 'int', possible loss of data
C:\Users\kenda\OneDrive\Visual Studio Code\ECGR 5181\Final Project - Part 2-1\Source.cpp(4705,69): warning C4244: '+=': conversion from 'double' to 'int', possible loss of data
C:\Users\kenda\OneDrive\Visual Studio Code\ECGR 5181\Final Project - Part 2-1\Source.cpp(4714,68): warning C4244: '+=': conversion from 'double' to 'int', possible loss of data
C:\Users\kenda\OneDrive\Visual Studio Code\ECGR 5181\Final Project - Part 2-1\Source.cpp(4723,68): warning C4244: '+=': conversion from 'double' to 'int', possible loss of data
C:\Users\kenda\OneDrive\Visual Studio Code\ECGR 5181\Final Project - Part 2-1\Source.cpp(4732,68): warning C4244: '+=': conversion from 'double' to 'int', possible loss of data
C:\Users\kenda\OneDrive\Visual Studio Code\ECGR 5181\Final Project - Part 2-1\Source.cpp(4741,68): warning C4244: '+=': conversion from 'double' to 'int', possible loss of data
C:\Users\kenda\OneDrive\Visual Studio Code\ECGR 5181\Final Project - Part 2-1\Source.cpp(4750,68): warning C4244: '+=': conversion from 'double' to 'int', possible loss of data
C:\Users\kenda\OneDrive\Visual Studio Code\ECGR 5181\Final Project - Part 2-1\Source.cpp(4759,68): warning C4244: '+=': conversion from 'double' to 'int', possible loss of data
C:\Users\kenda\OneDrive\Visual Studio Code\ECGR 5181\Final Project - Part 2-1\Source.cpp(4768,68): warning C4244: '+=': conversion from 'double' to 'int', possible loss of data
C:\Users\kenda\OneDrive\Visual Studio Code\ECGR 5181\Final Project - Part 2-1\Source.cpp(4777,68): warning C4244: '+=': conversion from 'double' to 'int', possible loss of data
C:\Users\kenda\OneDrive\Visual Studio Code\ECGR 5181\Final Project - Part 2-1\Source.cpp(4786,68): warning C4244: '+=': conversion from 'double' to 'int', possible loss of data
C:\Users\kenda\OneDrive\Visual Studio Code\ECGR 5181\Final Project - Part 2-1\Source.cpp(4795,68): warning C4244: '+=': conversion from 'double' to 'int', possible loss of data
C:\Users\kenda\OneDrive\Visual Studio Code\ECGR 5181\Final Project - Part 2-1\Source.cpp(4830,69): warning C4244: '+=': conversion from 'double' to 'int', possible loss of data
C:\Users\kenda\OneDrive\Visual Studio Code\ECGR 5181\Final Project - Part 2-1\Source.cpp(4839,69): warning C4244: '+=': conversion from 'double' to 'int', possible loss of data
C:\Users\kenda\OneDrive\Visual Studio Code\ECGR 5181\Final Project - Part 2-1\Source.cpp(4848,69): warning C4244: '+=': conversion from 'double' to 'int', possible loss of data
C:\Users\kenda\OneDrive\Visual Studio Code\ECGR 5181\Final Project - Part 2-1\Source.cpp(4857,69): warning C4244: '+=': conversion from 'double' to 'int', possible loss of data
C:\Users\kenda\OneDrive\Visual Studio Code\ECGR 5181\Final Project - Part 2-1\Source.cpp(4866,69): warning C4244: '+=': conversion from 'double' to 'int', possible loss of data
C:\Users\kenda\OneDrive\Visual Studio Code\ECGR 5181\Final Project - Part 2-1\Source.cpp(4875,69): warning C4244: '+=': conversion from 'double' to 'int', possible loss of data
C:\Users\kenda\OneDrive\Visual Studio Code\ECGR 5181\Final Project - Part 2-1\Source.cpp(4884,68): warning C4244: '+=': conversion from 'double' to 'int', possible loss of data
C:\Users\kenda\OneDrive\Visual Studio Code\ECGR 5181\Final Project - Part 2-1\Source.cpp(4893,68): warning C4244: '+=': conversion from 'double' to 'int', possible loss of data
C:\Users\kenda\OneDrive\Visual Studio Code\ECGR 5181\Final Project - Part 2-1\Source.cpp(4902,68): warning C4244: '+=': conversion from 'double' to 'int', possible loss of data
C:\Users\kenda\OneDrive\Visual Studio Code\ECGR 5181\Final Project - Part 2-1\Source.cpp(4911,68): warning C4244: '+=': conversion from 'double' to 'int', possible loss of data
C:\Users\kenda\OneDrive\Visual Studio Code\ECGR 5181\Final Project - Part 2-1\Source.cpp(4920,68): warning C4244: '+=': conversion from 'double' to 'int', possible loss of data
C:\Users\kenda\OneDrive\Visual Studio Code\ECGR 5181\Final Project - Part 2-1\Source.cpp(4929,68): warning C4244: '+=': conversion from 'double' to 'int', possible loss of data
C:\Users\kenda\OneDrive\Visual Studio Code\ECGR 5181\Final Project - Part 2-1\Source.cpp(4938,68): warning C4244: '+=': conversion from 'double' to 'int', possible loss of data
C:\Users\kenda\OneDrive\Visual Studio Code\ECGR 5181\Final Project - Part 2-1\Source.cpp(4947,68): warning C4244: '+=': conversion from 'double' to 'int', possible loss of data
C:\Users\kenda\OneDrive\Visual Studio Code\ECGR 5181\Final Project - Part 2-1\Source.cpp(4956,68): warning C4244: '+=': conversion from 'double' to 'int', possible loss of data
C:\Users\kenda\OneDrive\Visual Studio Code\ECGR 5181\Final Project - Part 2-1\Source.cpp(4965,68): warning C4244: '+=': conversion from 'double' to 'int', possible loss of data
C:\Users\kenda\OneDrive\Visual Studio Code\ECGR 5181\Final Project - Part 2-1\Source.cpp(4997,63): warning C4244: '+=': conversion from 'double' to 'int', possible loss of data
C:\Users\kenda\OneDrive\Visual Studio Code\ECGR 5181\Final Project - Part 2-1\Source.cpp(5002,63): warning C4244: '+=': conversion from 'double' to 'int', possible loss of data
C:\Users\kenda\OneDrive\Visual Studio Code\ECGR 5181\Final Project - Part 2-1\Source.cpp(5014,68): warning C4244: '+=': conversion from 'double' to 'int', possible loss of data
C:\Users\kenda\OneDrive\Visual Studio Code\ECGR 5181\Final Project - Part 2-1\Source.cpp(5019,68): warning C4244: '+=': conversion from 'double' to 'int', possible loss of data
C:\Users\kenda\OneDrive\Visual Studio Code\ECGR 5181\Final Project - Part 2-1\Source.cpp(5037,63): warning C4244: '+=': conversion from 'double' to 'int', possible loss of data
C:\Users\kenda\OneDrive\Visual Studio Code\ECGR 5181\Final Project - Part 2-1\Source.cpp(5042,63): warning C4244: '+=': conversion from 'double' to 'int', possible loss of data
C:\Users\kenda\OneDrive\Visual Studio Code\ECGR 5181\Final Project - Part 2-1\Source.cpp(5054,68): warning C4244: '+=': conversion from 'double' to 'int', possible loss of data
C:\Users\kenda\OneDrive\Visual Studio Code\ECGR 5181\Final Project - Part 2-1\Source.cpp(5059,68): warning C4244: '+=': conversion from 'double' to 'int', possible loss of data
C:\Users\kenda\OneDrive\Visual Studio Code\ECGR 5181\Final Project - Part 2-1\Source.cpp(5077,63): warning C4244: '+=': conversion from 'double' to 'int', possible loss of data
C:\Users\kenda\OneDrive\Visual Studio Code\ECGR 5181\Final Project - Part 2-1\Source.cpp(5082,63): warning C4244: '+=': conversion from 'double' to 'int', possible loss of data
C:\Users\kenda\OneDrive\Visual Studio Code\ECGR 5181\Final Project - Part 2-1\Source.cpp(5094,68): warning C4244: '+=': conversion from 'double' to 'int', possible loss of data
C:\Users\kenda\OneDrive\Visual Studio Code\ECGR 5181\Final Project - Part 2-1\Source.cpp(5099,68): warning C4244: '+=': conversion from 'double' to 'int', possible loss of data
C:\Users\kenda\OneDrive\Visual Studio Code\ECGR 5181\Final Project - Part 2-1\Source.cpp(5117,63): warning C4244: '+=': conversion from 'double' to 'int', possible loss of data
C:\Users\kenda\OneDrive\Visual Studio Code\ECGR 5181\Final Project - Part 2-1\Source.cpp(5122,63): warning C4244: '+=': conversion from 'double' to 'int', possible loss of data
C:\Users\kenda\OneDrive\Visual Studio Code\ECGR 5181\Final Project - Part 2-1\Source.cpp(5134,68): warning C4244: '+=': conversion from 'double' to 'int', possible loss of data
C:\Users\kenda\OneDrive\Visual Studio Code\ECGR 5181\Final Project - Part 2-1\Source.cpp(5139,68): warning C4244: '+=': conversion from 'double' to 'int', possible loss of data
C:\Users\kenda\OneDrive\Visual Studio Code\ECGR 5181\Final Project - Part 2-1\Source.cpp(5944,31): warning C4018: '<': signed/unsigned mismatch
C:\Users\kenda\OneDrive\Visual Studio Code\ECGR 5181\Final Project - Part 2-1\Source.cpp(5957,31): warning C4018: '<': signed/unsigned mismatch
C:\Users\kenda\OneDrive\Visual Studio Code\ECGR 5181\Final Project - Part 2-1\Source.cpp(5972,35): warning C4018: '<': signed/unsigned mismatch
C:\Users\kenda\OneDrive\Visual Studio Code\ECGR 5181\Final Project - Part 2-1\Source.cpp(5985,35): warning C4018: '<': signed/unsigned mismatch
C:\Users\kenda\OneDrive\Visual Studio Code\ECGR 5181\Final Project - Part 2-1\Source.cpp(6002,35): warning C4018: '<': signed/unsigned mismatch
C:\Users\kenda\OneDrive\Visual Studio Code\ECGR 5181\Final Project - Part 2-1\Source.cpp(6015,35): warning C4018: '<': signed/unsigned mismatch
C:\Users\kenda\OneDrive\Visual Studio Code\ECGR 5181\Final Project - Part 2-1\Source.cpp(6032,35): warning C4018: '<': signed/unsigned mismatch
C:\Users\kenda\OneDrive\Visual Studio Code\ECGR 5181\Final Project - Part 2-1\Source.cpp(6045,35): warning C4018: '<': signed/unsigned mismatch
C:\Users\kenda\OneDrive\Visual Studio Code\ECGR 5181\Final Project - Part 2-1\Source.cpp(6248,31): warning C4018: '<': signed/unsigned mismatch
C:\Users\kenda\OneDrive\Visual Studio Code\ECGR 5181\Final Project - Part 2-1\Source.cpp(6261,31): warning C4018: '<': signed/unsigned mismatch
C:\Users\kenda\OneDrive\Visual Studio Code\ECGR 5181\Final Project - Part 2-1\Source.cpp(6276,35): warning C4018: '<': signed/unsigned mismatch
C:\Users\kenda\OneDrive\Visual Studio Code\ECGR 5181\Final Project - Part 2-1\Source.cpp(6289,35): warning C4018: '<': signed/unsigned mismatch
C:\Users\kenda\OneDrive\Visual Studio Code\ECGR 5181\Final Project - Part 2-1\Source.cpp(6306,35): warning C4018: '<': signed/unsigned mismatch
C:\Users\kenda\OneDrive\Visual Studio Code\ECGR 5181\Final Project - Part 2-1\Source.cpp(6319,35): warning C4018: '<': signed/unsigned mismatch
C:\Users\kenda\OneDrive\Visual Studio Code\ECGR 5181\Final Project - Part 2-1\Source.cpp(6336,35): warning C4018: '<': signed/unsigned mismatch
C:\Users\kenda\OneDrive\Visual Studio Code\ECGR 5181\Final Project - Part 2-1\Source.cpp(6349,35): warning C4018: '<': signed/unsigned mismatch
C:\Users\kenda\OneDrive\Visual Studio Code\ECGR 5181\Final Project - Part 2-1\Source.cpp(6552,31): warning C4018: '<': signed/unsigned mismatch
C:\Users\kenda\OneDrive\Visual Studio Code\ECGR 5181\Final Project - Part 2-1\Source.cpp(6565,31): warning C4018: '<': signed/unsigned mismatch
C:\Users\kenda\OneDrive\Visual Studio Code\ECGR 5181\Final Project - Part 2-1\Source.cpp(6580,35): warning C4018: '<': signed/unsigned mismatch
C:\Users\kenda\OneDrive\Visual Studio Code\ECGR 5181\Final Project - Part 2-1\Source.cpp(6593,35): warning C4018: '<': signed/unsigned mismatch
C:\Users\kenda\OneDrive\Visual Studio Code\ECGR 5181\Final Project - Part 2-1\Source.cpp(6610,35): warning C4018: '<': signed/unsigned mismatch
C:\Users\kenda\OneDrive\Visual Studio Code\ECGR 5181\Final Project - Part 2-1\Source.cpp(6623,35): warning C4018: '<': signed/unsigned mismatch
C:\Users\kenda\OneDrive\Visual Studio Code\ECGR 5181\Final Project - Part 2-1\Source.cpp(6640,35): warning C4018: '<': signed/unsigned mismatch
C:\Users\kenda\OneDrive\Visual Studio Code\ECGR 5181\Final Project - Part 2-1\Source.cpp(6653,35): warning C4018: '<': signed/unsigned mismatch
C:\Users\kenda\OneDrive\Visual Studio Code\ECGR 5181\Final Project - Part 2-1\Source.cpp(6856,31): warning C4018: '<': signed/unsigned mismatch
C:\Users\kenda\OneDrive\Visual Studio Code\ECGR 5181\Final Project - Part 2-1\Source.cpp(6869,31): warning C4018: '<': signed/unsigned mismatch
C:\Users\kenda\OneDrive\Visual Studio Code\ECGR 5181\Final Project - Part 2-1\Source.cpp(6884,35): warning C4018: '<': signed/unsigned mismatch
C:\Users\kenda\OneDrive\Visual Studio Code\ECGR 5181\Final Project - Part 2-1\Source.cpp(6897,35): warning C4018: '<': signed/unsigned mismatch
C:\Users\kenda\OneDrive\Visual Studio Code\ECGR 5181\Final Project - Part 2-1\Source.cpp(6914,35): warning C4018: '<': signed/unsigned mismatch
C:\Users\kenda\OneDrive\Visual Studio Code\ECGR 5181\Final Project - Part 2-1\Source.cpp(6927,35): warning C4018: '<': signed/unsigned mismatch
C:\Users\kenda\OneDrive\Visual Studio Code\ECGR 5181\Final Project - Part 2-1\Source.cpp(6944,35): warning C4018: '<': signed/unsigned mismatch
C:\Users\kenda\OneDrive\Visual Studio Code\ECGR 5181\Final Project - Part 2-1\Source.cpp(6957,35): warning C4018: '<': signed/unsigned mismatch
  Final Project - Part 2-1.vcxproj -> C:\Users\kenda\OneDrive\Visual Studio Code\ECGR 5181\Final Project - Part 2-1\Debug\Final Project - Part 2-1.exe
